<?xml version="1.0" encoding="UTF-8"?>
<!-- Generated by org.testng.reporters.JUnitReportReporter -->
<testsuite hostname="TYSS-Apoorva" failures="0" tests="1" name="smokeTestCase.To_launch_Flipcart_Test" time="7.032" errors="0" timestamp="2024-04-01T15:35:54 IST" skipped="0">
  <testcase classname="smokeTestCase.To_launch_Flipcart_Test" name="flipcart" time="7.032"/>
  <system-out/>
</testsuite> <!-- smokeTestCase.To_launch_Flipcart_Test -->
