<?xml version="1.0" encoding="UTF-8"?>
<!-- Generated by org.testng.reporters.JUnitReportReporter -->
<testsuite hostname="TYSS-Apoorva" failures="0" tests="1" name="systemTestCase.To_launch_Apple_Test" time="13.110" errors="0" timestamp="2024-04-01T15:35:54 IST" skipped="0">
  <testcase classname="systemTestCase.To_launch_Apple_Test" name="apple" time="13.110"/>
  <system-out/>
</testsuite> <!-- systemTestCase.To_launch_Apple_Test -->
