<?xml version="1.0" encoding="UTF-8"?>
<!-- Generated by org.testng.reporters.JUnitReportReporter -->
<testsuite hostname="TYSS-Apoorva" failures="0" tests="1" name="IntigrationTestCase.To_Iaunch_Lorealparis_Test" time="10.301" errors="0" timestamp="2024-04-01T15:35:54 IST" skipped="0">
  <testcase classname="IntigrationTestCase.To_Iaunch_Lorealparis_Test" name="lorealparis" time="10.301"/>
  <system-out/>
</testsuite> <!-- IntigrationTestCase.To_Iaunch_Lorealparis_Test -->
