<?xml version="1.0" encoding="UTF-8"?>
<!-- Generated by org.testng.reporters.JUnitReportReporter -->
<testsuite hostname="TYSS-Apoorva" failures="0" tests="1" name="smokeTestCase.To_launch_Ajio_Test" time="15.756" errors="0" timestamp="2024-04-01T15:35:54 IST" skipped="0">
  <testcase classname="smokeTestCase.To_launch_Ajio_Test" name="ajioApp" time="15.756"/>
  <system-out/>
</testsuite> <!-- smokeTestCase.To_launch_Ajio_Test -->
