<?xml version="1.0" encoding="UTF-8"?>
<!-- Generated by org.testng.reporters.JUnitReportReporter -->
<testsuite hostname="TYSS-Apoorva" failures="0" tests="1" name="systemTestCase.To_launch_Motorola_Test" time="5.573" errors="0" timestamp="2024-04-01T15:35:54 IST" skipped="0">
  <testcase classname="systemTestCase.To_launch_Motorola_Test" name="motorola" time="5.573"/>
  <system-out/>
</testsuite> <!-- systemTestCase.To_launch_Motorola_Test -->
