<?xml version="1.0" encoding="UTF-8"?>
<!-- Generated by org.testng.reporters.JUnitReportReporter -->
<testsuite hostname="TYSS-Apoorva" failures="0" tests="1" name="IntigrationTestCase.To_launch_Purplle_Test" time="2.775" errors="0" timestamp="2024-04-01T15:35:54 IST" skipped="0">
  <testcase classname="IntigrationTestCase.To_launch_Purplle_Test" name="purplle" time="2.775"/>
  <system-out/>
</testsuite> <!-- IntigrationTestCase.To_launch_Purplle_Test -->
