<?xml version="1.0" encoding="UTF-8"?>
<!-- Generated by org.testng.reporters.JUnitReportReporter -->
<testsuite hostname="TYSS-Apoorva" failures="0" tests="1" name="smokeTestCase.To_launch_DemoWebshop_Test" time="8.160" errors="0" timestamp="2024-04-01T15:35:54 IST" skipped="0">
  <testcase classname="smokeTestCase.To_launch_DemoWebshop_Test" name="demoWebshop" time="8.160"/>
  <system-out/>
</testsuite> <!-- smokeTestCase.To_launch_DemoWebshop_Test -->
