<?xml version="1.0" encoding="UTF-8"?>
<!-- Generated by org.testng.reporters.JUnitReportReporter -->
<testsuite hostname="TYSS-Apoorva" failures="0" tests="1" name="smokeTestCase.Tc_Demo_001" time="13.648" errors="0" timestamp="2024-03-20T16:22:42 IST" skipped="0">
  <testcase classname="smokeTestCase.Tc_Demo_001" name="demoWebshop" time="13.648"/>
  <system-out/>
</testsuite> <!-- smokeTestCase.Tc_Demo_001 -->
